# JRE version: Java(TM) SE Runtime Environment (8.0_181-b13) (build 1.8.0_181-b13)
# Java VM: Java HotSpot(TM) 64-Bit Server VM (25.181-b13 mixed mode windows-amd64 compressed oops)
Heap:
 PSYoungGen      total 231424K, used 6217K [0x00000000d7380000, 0x00000000e7080000, 0x0000000100000000)
  eden space 216064K, 2% used [0x00000000d7380000,0x00000000d79925c8,0x00000000e4680000)
  from space 15360K, 0% used [0x00000000e5280000,0x00000000e5280000,0x00000000e6180000)
  to   space 11264K, 0% used [0x00000000e6580000,0x00000000e6580000,0x00000000e7080000)
 ParOldGen       total 52736K, used 29403K [0x0000000085a00000, 0x0000000088d80000, 0x00000000d7380000)
  object space 52736K, 55% used [0x0000000085a00000,0x00000000876b6c78,0x0000000088d80000)
 Metaspace       used 40959K, capacity 43128K, committed 43264K, reserved 1089536K
  class space    used 5634K, capacity 6050K, committed 6144K, reserved 1048576K
GC Heap History (10 events):
Event: 8.421 GC heap before
{Heap before GC invocations=10 (full 1):
 PSYoungGen      total 179712K, used 162823K [0x00000000d7380000, 0x00000000e4c80000, 0x0000000100000000)
  eden space 169472K, 90% used [0x00000000d7380000,0x00000000e0887a60,0x00000000e1900000)
  from space 10240K, 99% used [0x00000000e2480000,0x00000000e2e7a350,0x00000000e2e80000)
  to   space 11776K, 0% used [0x00000000e1900000,0x00000000e1900000,0x00000000e2480000)
 ParOldGen       total 52736K, used 8480K [0x0000000085a00000, 0x0000000088d80000, 0x00000000d7380000)
  object space 52736K, 16% used [0x0000000085a00000,0x0000000086248108,0x0000000088d80000)
 Metaspace       used 34048K, capacity 35312K, committed 35456K, reserved 1079296K
  class space    used 4633K, capacity 4896K, committed 4992K, reserved 1048576K
Event: 8.444 GC heap after
Heap after GC invocations=10 (full 1):
 PSYoungGen      total 181248K, used 11769K [0x00000000d7380000, 0x00000000e7400000, 0x0000000100000000)
  eden space 169472K, 0% used [0x00000000d7380000,0x00000000d7380000,0x00000000e1900000)
  from space 11776K, 99% used [0x00000000e1900000,0x00000000e247e720,0x00000000e2480000)
  to   space 14848K, 0% used [0x00000000e6580000,0x00000000e6580000,0x00000000e7400000)
 ParOldGen       total 52736K, used 12370K [0x0000000085a00000, 0x0000000088d80000, 0x00000000d7380000)
  object space 52736K, 23% used [0x0000000085a00000,0x0000000086614b58,0x0000000088d80000)
 Metaspace       used 34048K, capacity 35312K, committed 35456K, reserved 1079296K
  class space    used 4633K, capacity 4896K, committed 4992K, reserved 1048576K
}
Event: 8.444 GC heap before
{Heap before GC invocations=11 (full 2):
 PSYoungGen      total 181248K, used 11769K [0x00000000d7380000, 0x00000000e7400000, 0x0000000100000000)
  eden space 169472K, 0% used [0x00000000d7380000,0x00000000d7380000,0x00000000e1900000)
  from space 11776K, 99% used [0x00000000e1900000,0x00000000e247e720,0x00000000e2480000)
  to   space 14848K, 0% used [0x00000000e6580000,0x00000000e6580000,0x00000000e7400000)
 ParOldGen       total 52736K, used 12370K [0x0000000085a00000, 0x0000000088d80000, 0x00000000d7380000)
  object space 52736K, 23% used [0x0000000085a00000,0x0000000086614b58,0x0000000088d80000)
 Metaspace       used 34048K, capacity 35312K, committed 35456K, reserved 1079296K
  class space    used 4633K, capacity 4896K, committed 4992K, reserved 1048576K
Event: 8.578 GC heap after
Heap after GC invocations=11 (full 2):
 PSYoungGen      total 181248K, used 0K [0x00000000d7380000, 0x00000000e7400000, 0x0000000100000000)
  eden space 169472K, 0% used [0x00000000d7380000,0x00000000d7380000,0x00000000e1900000)
  from space 11776K, 0% used [0x00000000e1900000,0x00000000e1900000,0x00000000e2480000)
  to   space 14848K, 0% used [0x00000000e6580000,0x00000000e6580000,0x00000000e7400000)
 ParOldGen       total 52736K, used 20567K [0x0000000085a00000, 0x0000000088d80000, 0x00000000d7380000)
  object space 52736K, 39% used [0x0000000085a00000,0x0000000086e15e10,0x0000000088d80000)
 Metaspace       used 34048K, capacity 35312K, committed 35456K, reserved 1079296K
  class space    used 4633K, capacity 4896K, committed 4992K, reserved 1048576K
}
Event: 9.739 GC heap before
{Heap before GC invocations=12 (full 2):
 PSYoungGen      total 181248K, used 169472K [0x00000000d7380000, 0x00000000e7400000, 0x0000000100000000)
  eden space 169472K, 100% used [0x00000000d7380000,0x00000000e1900000,0x00000000e1900000)
  from space 11776K, 0% used [0x00000000e1900000,0x00000000e1900000,0x00000000e2480000)
  to   space 14848K, 0% used [0x00000000e6580000,0x00000000e6580000,0x00000000e7400000)
 ParOldGen       total 52736K, used 20567K [0x0000000085a00000, 0x0000000088d80000, 0x00000000d7380000)
  object space 52736K, 39% used [0x0000000085a00000,0x0000000086e15e10,0x0000000088d80000)
 Metaspace       used 38226K, capacity 39878K, committed 40192K, reserved 1083392K
  class space    used 5200K, capacity 5519K, committed 5632K, reserved 1048576K
Event: 9.752 GC heap after
Heap after GC invocations=12 (full 2):
 PSYoungGen      total 227328K, used 10957K [0x00000000d7380000, 0x00000000e7080000, 0x0000000100000000)
  eden space 216064K, 0% used [0x00000000d7380000,0x00000000d7380000,0x00000000e4680000)
  from space 11264K, 97% used [0x00000000e6580000,0x00000000e7033768,0x00000000e7080000)
  to   space 15360K, 0% used [0x00000000e5280000,0x00000000e5280000,0x00000000e6180000)
 ParOldGen       total 52736K, used 20575K [0x0000000085a00000, 0x0000000088d80000, 0x00000000d7380000)
  object space 52736K, 39% used [0x0000000085a00000,0x0000000086e17e10,0x0000000088d80000)
 Metaspace       used 38226K, capacity 39878K, committed 40192K, reserved 1083392K
  class space    used 5200K, capacity 5519K, committed 5632K, reserved 1048576K
}
Event: 11.084 GC heap before
{Heap before GC invocations=13 (full 2):
 PSYoungGen      total 227328K, used 205609K [0x00000000d7380000, 0x00000000e7080000, 0x0000000100000000)
  eden space 216064K, 90% used [0x00000000d7380000,0x00000000e3197048,0x00000000e4680000)
  from space 11264K, 97% used [0x00000000e6580000,0x00000000e7033768,0x00000000e7080000)
  to   space 15360K, 0% used [0x00000000e5280000,0x00000000e5280000,0x00000000e6180000)
 ParOldGen       total 52736K, used 20575K [0x0000000085a00000, 0x0000000088d80000, 0x00000000d7380000)
  object space 52736K, 39% used [0x0000000085a00000,0x0000000086e17e10,0x0000000088d80000)
 Metaspace       used 40949K, capacity 43128K, committed 43264K, reserved 1091584K
  class space    used 5633K, capacity 6050K, committed 6144K, reserved 1048576K
Event: 11.100 GC heap after
Heap after GC invocations=13 (full 2):
 PSYoungGen      total 231424K, used 13801K [0x00000000d7380000, 0x00000000e7080000, 0x0000000100000000)
  eden space 216064K, 0% used [0x00000000d7380000,0x00000000d7380000,0x00000000e4680000)
  from space 15360K, 89% used [0x00000000e5280000,0x00000000e5ffa590,0x00000000e6180000)
  to   space 11264K, 0% used [0x00000000e6580000,0x00000000e6580000,0x00000000e7080000)
 ParOldGen       total 52736K, used 20583K [0x0000000085a00000, 0x0000000088d80000, 0x00000000d7380000)
  object space 52736K, 39% used [0x0000000085a00000,0x0000000086e19e10,0x0000000088d80000)
 Metaspace       used 40949K, capacity 43128K, committed 43264K, reserved 1091584K
  class space    used 5633K, capacity 6050K, committed 6144K, reserved 1048576K
}
Event: 11.100 GC heap before
{Heap before GC invocations=14 (full 3):
 PSYoungGen      total 231424K, used 13801K [0x00000000d7380000, 0x00000000e7080000, 0x0000000100000000)
  eden space 216064K, 0% used [0x00000000d7380000,0x00000000d7380000,0x00000000e4680000)
  from space 15360K, 89% used [0x00000000e5280000,0x00000000e5ffa590,0x00000000e6180000)
  to   space 11264K, 0% used [0x00000000e6580000,0x00000000e6580000,0x00000000e7080000)
 ParOldGen       total 52736K, used 20583K [0x0000000085a00000, 0x0000000088d80000, 0x00000000d7380000)
  object space 52736K, 39% used [0x0000000085a00000,0x0000000086e19e10,0x0000000088d80000)
 Metaspace       used 40949K, capacity 43128K, committed 43264K, reserved 1091584K
  class space    used 5633K, capacity 6050K, committed 6144K, reserved 1048576K
Event: 11.327 GC heap after
Heap after GC invocations=14 (full 3):
 PSYoungGen      total 231424K, used 0K [0x00000000d7380000, 0x00000000e7080000, 0x0000000100000000)
  eden space 216064K, 0% used [0x00000000d7380000,0x00000000d7380000,0x00000000e4680000)
  from space 15360K, 0% used [0x00000000e5280000,0x00000000e5280000,0x00000000e6180000)
  to   space 11264K, 0% used [0x00000000e6580000,0x00000000e6580000,0x00000000e7080000)
 ParOldGen       total 52736K, used 29403K [0x0000000085a00000, 0x0000000088d80000, 0x00000000d7380000)
  object space 52736K, 55% used [0x0000000085a00000,0x00000000876b6c78,0x0000000088d80000)
 Metaspace       used 40949K, capacity 43128K, committed 43264K, reserved 1089536K
  class space    used 5633K, capacity 6050K, committed 6144K, reserved 1048576K
}

